2023-07-26 12:05:25.940  INFO 7004 --- [restartedMain] c.f.shoppingapp.ShoppingappApplication   : Starting ShoppingappApplication using Java 17.0.2 on LTIN303794 with PID 7004 (C:\Users\922329\Downloads\shoppingapp (1)\shoppingapp\shoppingapp\target\classes started by 922329 in C:\Users\922329\Downloads\shoppingapp (1)\shoppingapp\shoppingapp)
2023-07-26 12:05:25.956  INFO 7004 --- [restartedMain] c.f.shoppingapp.ShoppingappApplication   : No active profile set, falling back to 1 default profile: "default"
2023-07-26 12:05:26.075  INFO 7004 --- [restartedMain] .e.DevToolsPropertyDefaultsPostProcessor : Devtools property defaults active! Set 'spring.devtools.add-properties' to 'false' to disable
2023-07-26 12:05:26.076  INFO 7004 --- [restartedMain] .e.DevToolsPropertyDefaultsPostProcessor : For additional web related logging consider setting the 'logging.level.web' property to 'DEBUG'
2023-07-26 12:05:28.442  INFO 7004 --- [restartedMain] .s.d.r.c.RepositoryConfigurationDelegate : Bootstrapping Spring Data MongoDB repositories in DEFAULT mode.
2023-07-26 12:05:28.621  INFO 7004 --- [restartedMain] .s.d.r.c.RepositoryConfigurationDelegate : Finished Spring Data repository scanning in 164 ms. Found 5 MongoDB repository interfaces.
2023-07-26 12:05:30.100  INFO 7004 --- [restartedMain] o.s.b.w.embedded.tomcat.TomcatWebServer  : Tomcat initialized with port(s): 8082 (http)
2023-07-26 12:05:30.127  INFO 7004 --- [restartedMain] o.apache.catalina.core.StandardService   : Starting service [Tomcat]
2023-07-26 12:05:30.128  INFO 7004 --- [restartedMain] org.apache.catalina.core.StandardEngine  : Starting Servlet engine: [Apache Tomcat/9.0.73]
2023-07-26 12:05:30.346  INFO 7004 --- [restartedMain] o.a.c.c.C.[Tomcat].[localhost].[/]       : Initializing Spring embedded WebApplicationContext
2023-07-26 12:05:30.347  INFO 7004 --- [restartedMain] w.s.c.ServletWebServerApplicationContext : Root WebApplicationContext: initialization completed in 4269 ms
2023-07-26 12:05:31.156  INFO 7004 --- [restartedMain] org.mongodb.driver.client                : MongoClient with metadata {"driver": {"name": "mongo-java-driver|sync|spring-boot", "version": "4.6.1"}, "os": {"type": "Windows", "name": "Windows 11", "architecture": "amd64", "version": "10.0"}, "platform": "Java/Eclipse Adoptium/17.0.2+8"} created with settings MongoClientSettings{readPreference=primary, writeConcern=WriteConcern{w=null, wTimeout=null ms, journal=null}, retryWrites=true, retryReads=true, readConcern=ReadConcern{level=null}, credential=null, streamFactoryFactory=null, commandListeners=[io.micrometer.core.instrument.binder.mongodb.MongoMetricsCommandListener@1f50f252], codecRegistry=ProvidersCodecRegistry{codecProviders=[ValueCodecProvider{}, BsonValueCodecProvider{}, DBRefCodecProvider{}, DBObjectCodecProvider{}, DocumentCodecProvider{}, IterableCodecProvider{}, MapCodecProvider{}, GeoJsonCodecProvider{}, GridFSFileCodecProvider{}, Jsr310CodecProvider{}, JsonObjectCodecProvider{}, BsonCodecProvider{}, EnumCodecProvider{}, com.mongodb.Jep395RecordCodecProvider@4f94b704]}, clusterSettings={hosts=[localhost:27017], srvServiceName=mongodb, mode=SINGLE, requiredClusterType=UNKNOWN, requiredReplicaSetName='null', serverSelector='null', clusterListeners='[]', serverSelectionTimeout='30000 ms', localThreshold='30000 ms'}, socketSettings=SocketSettings{connectTimeoutMS=10000, readTimeoutMS=0, receiveBufferSize=0, sendBufferSize=0}, heartbeatSocketSettings=SocketSettings{connectTimeoutMS=10000, readTimeoutMS=10000, receiveBufferSize=0, sendBufferSize=0}, connectionPoolSettings=ConnectionPoolSettings{maxSize=100, minSize=0, maxWaitTimeMS=120000, maxConnectionLifeTimeMS=0, maxConnectionIdleTimeMS=0, maintenanceInitialDelayMS=0, maintenanceFrequencyMS=60000, connectionPoolListeners=[io.micrometer.core.instrument.binder.mongodb.MongoMetricsConnectionPoolListener@7da062ed], maxConnecting=2}, serverSettings=ServerSettings{heartbeatFrequencyMS=10000, minHeartbeatFrequencyMS=500, serverListeners='[]', serverMonitorListeners='[]'}, sslSettings=SslSettings{enabled=false, invalidHostNameAllowed=false, context=null}, applicationName='null', compressorList=[], uuidRepresentation=JAVA_LEGACY, serverApi=null, autoEncryptionSettings=null, contextProvider=null}
2023-07-26 12:05:31.211  INFO 7004 --- [cluster-rtt-ClusterId{value='64c0beb2f9ec174d85e80e92', description='null'}-localhost:27017] org.mongodb.driver.connection            : Opened connection [connectionId{localValue:1, serverValue:9}] to localhost:27017
2023-07-26 12:05:31.212  INFO 7004 --- [cluster-ClusterId{value='64c0beb2f9ec174d85e80e92', description='null'}-localhost:27017] org.mongodb.driver.connection            : Opened connection [connectionId{localValue:2, serverValue:10}] to localhost:27017
2023-07-26 12:05:31.213  INFO 7004 --- [cluster-ClusterId{value='64c0beb2f9ec174d85e80e92', description='null'}-localhost:27017] org.mongodb.driver.cluster               : Monitor thread successfully connected to server with description ServerDescription{address=localhost:27017, type=STANDALONE, state=CONNECTED, ok=true, minWireVersion=0, maxWireVersion=8, maxDocumentSize=16777216, logicalSessionTimeoutMinutes=30, roundTripTimeNanos=51420000}
2023-07-26 12:05:32.219  INFO 7004 --- [restartedMain] o.s.b.d.a.OptionalLiveReloadServer       : LiveReload server is running on port 35729
2023-07-26 12:05:33.572  INFO 7004 --- [restartedMain] o.s.b.a.e.web.EndpointLinksResolver      : Exposing 14 endpoint(s) beneath base path '/actuator'
2023-07-26 12:05:33.624  INFO 7004 --- [restartedMain] o.s.s.web.DefaultSecurityFilterChain     : Will secure any request with [org.springframework.security.web.session.DisableEncodeUrlFilter@1a454818, org.springframework.security.web.context.request.async.WebAsyncManagerIntegrationFilter@15eb5ecd, org.springframework.security.web.context.SecurityContextPersistenceFilter@4806e30e, org.springframework.security.web.header.HeaderWriterFilter@1adb870f, org.springframework.web.filter.CorsFilter@5c38d9e, org.springframework.security.web.authentication.logout.LogoutFilter@5add98f9, com.fse.shoppingapp.security.jwt.AuthTokenFilter@54363669, org.springframework.security.web.savedrequest.RequestCacheAwareFilter@1dfb7859, org.springframework.security.web.servletapi.SecurityContextHolderAwareRequestFilter@2e3aaee4, org.springframework.security.web.authentication.AnonymousAuthenticationFilter@69ab603f, org.springframework.security.web.session.SessionManagementFilter@19435e14, org.springframework.security.web.access.ExceptionTranslationFilter@3bb0735, org.springframework.security.web.access.intercept.FilterSecurityInterceptor@2cc47ca9]
2023-07-26 12:05:34.288  INFO 7004 --- [restartedMain] o.s.b.w.embedded.tomcat.TomcatWebServer  : Tomcat started on port(s): 8082 (http) with context path ''
2023-07-26 12:05:34.315  INFO 7004 --- [restartedMain] c.f.shoppingapp.ShoppingappApplication   : Started ShoppingappApplication in 9.074 seconds (JVM running for 10.074)
2023-07-26 12:05:34.472  INFO 7004 --- [restartedMain] org.mongodb.driver.connection            : Opened connection [connectionId{localValue:3, serverValue:11}] to localhost:27017
2023-07-26 12:25:33.024  INFO 7004 --- [http-nio-8082-exec-2] o.a.c.c.C.[Tomcat].[localhost].[/]       : Initializing Spring DispatcherServlet 'dispatcherServlet'
2023-07-26 12:25:33.025  INFO 7004 --- [http-nio-8082-exec-2] o.s.web.servlet.DispatcherServlet        : Initializing Servlet 'dispatcherServlet'
2023-07-26 12:25:33.028  INFO 7004 --- [http-nio-8082-exec-2] o.s.web.servlet.DispatcherServlet        : Completed initialization in 2 ms
2023-07-26 12:25:33.515 ERROR 7004 --- [http-nio-8082-exec-1] c.f.s.security.jwt.AuthEntryPointJwt     : Unauthorized error: Bad credentials
2023-07-26 12:25:54.644 ERROR 7004 --- [http-nio-8082-exec-4] c.f.s.security.jwt.AuthEntryPointJwt     : Unauthorized error: Bad credentials
2023-07-26 12:32:59.514  INFO 7004 --- [File Watcher] rtingClassPathChangeChangedEventListener : Restarting due to 3 class path changes (0 additions, 0 deletions, 3 modifications)
2023-07-26 12:32:59.543  INFO 7004 --- [Thread-4] o.apache.catalina.core.StandardService   : Stopping service [Tomcat]
2023-07-26 12:32:59.547  INFO 7004 --- [Thread-4] o.a.c.c.C.[Tomcat].[localhost].[/]       : Destroying Spring FrameworkServlet 'dispatcherServlet'
2023-07-26 12:32:59.564  WARN 7004 --- [Thread-4] o.a.c.loader.WebappClassLoaderBase       : The web application [ROOT] appears to have started a thread named [BufferPoolPruner-1-thread-1] but has failed to stop it. This is very likely to create a memory leak. Stack trace of thread:
 java.base@17.0.2/jdk.internal.misc.Unsafe.park(Native Method)
 java.base@17.0.2/java.util.concurrent.locks.LockSupport.parkNanos(LockSupport.java:252)
 java.base@17.0.2/java.util.concurrent.locks.AbstractQueuedSynchronizer$ConditionObject.awaitNanos(AbstractQueuedSynchronizer.java:1672)
 java.base@17.0.2/java.util.concurrent.ScheduledThreadPoolExecutor$DelayedWorkQueue.take(ScheduledThreadPoolExecutor.java:1182)
 java.base@17.0.2/java.util.concurrent.ScheduledThreadPoolExecutor$DelayedWorkQueue.take(ScheduledThreadPoolExecutor.java:899)
 java.base@17.0.2/java.util.concurrent.ThreadPoolExecutor.getTask(ThreadPoolExecutor.java:1062)
 java.base@17.0.2/java.util.concurrent.ThreadPoolExecutor.runWorker(ThreadPoolExecutor.java:1122)
 java.base@17.0.2/java.util.concurrent.ThreadPoolExecutor$Worker.run(ThreadPoolExecutor.java:635)
 java.base@17.0.2/java.lang.Thread.run(Thread.java:833)
2023-07-26 12:32:59.565  WARN 7004 --- [Thread-4] o.a.c.loader.WebappClassLoaderBase       : The web application [ROOT] appears to have started a thread named [cluster-ClusterId{value='64c0beb2f9ec174d85e80e92', description='null'}-localhost:27017] but has failed to stop it. This is very likely to create a memory leak. Stack trace of thread:
 java.base@17.0.2/jdk.internal.misc.Unsafe.park(Native Method)
 java.base@17.0.2/java.util.concurrent.locks.LockSupport.parkNanos(LockSupport.java:252)
 java.base@17.0.2/java.util.concurrent.locks.AbstractQueuedSynchronizer$ConditionObject.awaitNanos(AbstractQueuedSynchronizer.java:1672)
 app//com.mongodb.internal.connection.DefaultServerMonitor$ServerMonitorRunnable.waitForSignalOrTimeout(DefaultServerMonitor.java:300)
 app//com.mongodb.internal.connection.DefaultServerMonitor$ServerMonitorRunnable.waitForNext(DefaultServerMonitor.java:281)
 app//com.mongodb.internal.connection.DefaultServerMonitor$ServerMonitorRunnable.run(DefaultServerMonitor.java:179)
 java.base@17.0.2/java.lang.Thread.run(Thread.java:833)
2023-07-26 12:32:59.567  WARN 7004 --- [Thread-4] o.a.c.loader.WebappClassLoaderBase       : The web application [ROOT] appears to have started a thread named [cluster-rtt-ClusterId{value='64c0beb2f9ec174d85e80e92', description='null'}-localhost:27017] but has failed to stop it. This is very likely to create a memory leak. Stack trace of thread:
 java.base@17.0.2/java.lang.Thread.sleep(Native Method)
 app//com.mongodb.internal.connection.DefaultServerMonitor.waitForNext(DefaultServerMonitor.java:443)
 app//com.mongodb.internal.connection.DefaultServerMonitor.access$1500(DefaultServerMonitor.java:64)
 app//com.mongodb.internal.connection.DefaultServerMonitor$RoundTripTimeRunnable.run(DefaultServerMonitor.java:415)
 java.base@17.0.2/java.lang.Thread.run(Thread.java:833)
2023-07-26 12:32:59.568  WARN 7004 --- [Thread-4] o.a.c.loader.WebappClassLoaderBase       : The web application [ROOT] appears to have started a thread named [MaintenanceTimer-2-thread-1] but has failed to stop it. This is very likely to create a memory leak. Stack trace of thread:
 java.base@17.0.2/jdk.internal.misc.Unsafe.park(Native Method)
 java.base@17.0.2/java.util.concurrent.locks.LockSupport.parkNanos(LockSupport.java:252)
 java.base@17.0.2/java.util.concurrent.locks.AbstractQueuedSynchronizer$ConditionObject.awaitNanos(AbstractQueuedSynchronizer.java:1672)
 java.base@17.0.2/java.util.concurrent.ScheduledThreadPoolExecutor$DelayedWorkQueue.take(ScheduledThreadPoolExecutor.java:1182)
 java.base@17.0.2/java.util.concurrent.ScheduledThreadPoolExecutor$DelayedWorkQueue.take(ScheduledThreadPoolExecutor.java:899)
 java.base@17.0.2/java.util.concurrent.ThreadPoolExecutor.getTask(ThreadPoolExecutor.java:1062)
 java.base@17.0.2/java.util.concurrent.ThreadPoolExecutor.runWorker(ThreadPoolExecutor.java:1122)
 java.base@17.0.2/java.util.concurrent.ThreadPoolExecutor$Worker.run(ThreadPoolExecutor.java:635)
 java.base@17.0.2/java.lang.Thread.run(Thread.java:833)
2023-07-26 12:32:59.898  INFO 7004 --- [restartedMain] c.f.shoppingapp.ShoppingappApplication   : Starting ShoppingappApplication using Java 17.0.2 on LTIN303794 with PID 7004 (C:\Users\922329\Downloads\shoppingapp (1)\shoppingapp\shoppingapp\target\classes started by 922329 in C:\Users\922329\Downloads\shoppingapp (1)\shoppingapp\shoppingapp)
2023-07-26 12:32:59.899  INFO 7004 --- [restartedMain] c.f.shoppingapp.ShoppingappApplication   : No active profile set, falling back to 1 default profile: "default"
2023-07-26 12:33:00.986  INFO 7004 --- [restartedMain] .s.d.r.c.RepositoryConfigurationDelegate : Bootstrapping Spring Data MongoDB repositories in DEFAULT mode.
2023-07-26 12:33:01.028  INFO 7004 --- [restartedMain] .s.d.r.c.RepositoryConfigurationDelegate : Finished Spring Data repository scanning in 40 ms. Found 5 MongoDB repository interfaces.
2023-07-26 12:33:01.171  INFO 7004 --- [restartedMain] o.s.b.w.embedded.tomcat.TomcatWebServer  : Tomcat initialized with port(s): 8082 (http)
2023-07-26 12:33:01.172  INFO 7004 --- [restartedMain] o.apache.catalina.core.StandardService   : Starting service [Tomcat]
2023-07-26 12:33:01.173  INFO 7004 --- [restartedMain] org.apache.catalina.core.StandardEngine  : Starting Servlet engine: [Apache Tomcat/9.0.73]
2023-07-26 12:33:01.209  INFO 7004 --- [restartedMain] o.a.c.c.C.[Tomcat].[localhost].[/]       : Initializing Spring embedded WebApplicationContext
2023-07-26 12:33:01.210  INFO 7004 --- [restartedMain] w.s.c.ServletWebServerApplicationContext : Root WebApplicationContext: initialization completed in 1305 ms
2023-07-26 12:33:01.269  INFO 7004 --- [restartedMain] org.mongodb.driver.client                : MongoClient with metadata {"driver": {"name": "mongo-java-driver|sync|spring-boot", "version": "4.6.1"}, "os": {"type": "Windows", "name": "Windows 11", "architecture": "amd64", "version": "10.0"}, "platform": "Java/Eclipse Adoptium/17.0.2+8"} created with settings MongoClientSettings{readPreference=primary, writeConcern=WriteConcern{w=null, wTimeout=null ms, journal=null}, retryWrites=true, retryReads=true, readConcern=ReadConcern{level=null}, credential=null, streamFactoryFactory=null, commandListeners=[io.micrometer.core.instrument.binder.mongodb.MongoMetricsCommandListener@307997db], codecRegistry=ProvidersCodecRegistry{codecProviders=[ValueCodecProvider{}, BsonValueCodecProvider{}, DBRefCodecProvider{}, DBObjectCodecProvider{}, DocumentCodecProvider{}, IterableCodecProvider{}, MapCodecProvider{}, GeoJsonCodecProvider{}, GridFSFileCodecProvider{}, Jsr310CodecProvider{}, JsonObjectCodecProvider{}, BsonCodecProvider{}, EnumCodecProvider{}, com.mongodb.Jep395RecordCodecProvider@4f94b704]}, clusterSettings={hosts=[localhost:27017], srvServiceName=mongodb, mode=SINGLE, requiredClusterType=UNKNOWN, requiredReplicaSetName='null', serverSelector='null', clusterListeners='[]', serverSelectionTimeout='30000 ms', localThreshold='30000 ms'}, socketSettings=SocketSettings{connectTimeoutMS=10000, readTimeoutMS=0, receiveBufferSize=0, sendBufferSize=0}, heartbeatSocketSettings=SocketSettings{connectTimeoutMS=10000, readTimeoutMS=10000, receiveBufferSize=0, sendBufferSize=0}, connectionPoolSettings=ConnectionPoolSettings{maxSize=100, minSize=0, maxWaitTimeMS=120000, maxConnectionLifeTimeMS=0, maxConnectionIdleTimeMS=0, maintenanceInitialDelayMS=0, maintenanceFrequencyMS=60000, connectionPoolListeners=[io.micrometer.core.instrument.binder.mongodb.MongoMetricsConnectionPoolListener@3f2b597d], maxConnecting=2}, serverSettings=ServerSettings{heartbeatFrequencyMS=10000, minHeartbeatFrequencyMS=500, serverListeners='[]', serverMonitorListeners='[]'}, sslSettings=SslSettings{enabled=false, invalidHostNameAllowed=false, context=null}, applicationName='null', compressorList=[], uuidRepresentation=JAVA_LEGACY, serverApi=null, autoEncryptionSettings=null, contextProvider=null}
2023-07-26 12:33:01.272  INFO 7004 --- [cluster-rtt-ClusterId{value='64c0c525f9ec174d85e80e96', description='null'}-localhost:27017] org.mongodb.driver.connection            : Opened connection [connectionId{localValue:5, serverValue:12}] to localhost:27017
2023-07-26 12:33:01.273  INFO 7004 --- [cluster-ClusterId{value='64c0c525f9ec174d85e80e96', description='null'}-localhost:27017] org.mongodb.driver.connection            : Opened connection [connectionId{localValue:4, serverValue:13}] to localhost:27017
2023-07-26 12:33:01.273  INFO 7004 --- [cluster-ClusterId{value='64c0c525f9ec174d85e80e96', description='null'}-localhost:27017] org.mongodb.driver.cluster               : Monitor thread successfully connected to server with description ServerDescription{address=localhost:27017, type=STANDALONE, state=CONNECTED, ok=true, minWireVersion=0, maxWireVersion=8, maxDocumentSize=16777216, logicalSessionTimeoutMinutes=30, roundTripTimeNanos=1936500}
2023-07-26 12:33:01.364  INFO 7004 --- [restartedMain] o.s.b.d.a.OptionalLiveReloadServer       : LiveReload server is running on port 35729
2023-07-26 12:33:01.617  INFO 7004 --- [restartedMain] o.s.b.a.e.web.EndpointLinksResolver      : Exposing 14 endpoint(s) beneath base path '/actuator'
2023-07-26 12:33:01.626  INFO 7004 --- [restartedMain] o.s.s.web.DefaultSecurityFilterChain     : Will secure any request with [org.springframework.security.web.session.DisableEncodeUrlFilter@381fbb79, org.springframework.security.web.context.request.async.WebAsyncManagerIntegrationFilter@194bcdd2, org.springframework.security.web.context.SecurityContextPersistenceFilter@7cfe761b, org.springframework.security.web.header.HeaderWriterFilter@f19b98c, org.springframework.web.filter.CorsFilter@82902de, org.springframework.security.web.authentication.logout.LogoutFilter@149f88fd, com.fse.shoppingapp.security.jwt.AuthTokenFilter@7414509b, org.springframework.security.web.savedrequest.RequestCacheAwareFilter@4873c058, org.springframework.security.web.servletapi.SecurityContextHolderAwareRequestFilter@ae4d503, org.springframework.security.web.authentication.AnonymousAuthenticationFilter@acc170d, org.springframework.security.web.session.SessionManagementFilter@738c54f8, org.springframework.security.web.access.ExceptionTranslationFilter@4f3f70cc, org.springframework.security.web.access.intercept.FilterSecurityInterceptor@50ba5ba5]
2023-07-26 12:33:01.730  INFO 7004 --- [restartedMain] o.s.b.w.embedded.tomcat.TomcatWebServer  : Tomcat started on port(s): 8082 (http) with context path ''
2023-07-26 12:33:01.738  INFO 7004 --- [restartedMain] c.f.shoppingapp.ShoppingappApplication   : Started ShoppingappApplication in 1.936 seconds (JVM running for 1657.58)
2023-07-26 12:33:01.742  INFO 7004 --- [restartedMain] org.mongodb.driver.connection            : Opened connection [connectionId{localValue:6, serverValue:14}] to localhost:27017
2023-07-26 12:33:01.891  INFO 7004 --- [restartedMain] .ConditionEvaluationDeltaLoggingListener : Condition evaluation unchanged
2023-07-26 13:01:55.815  INFO 18152 --- [restartedMain] c.f.shoppingapp.ShoppingappApplication   : Starting ShoppingappApplication using Java 17.0.2 on LTIN303794 with PID 18152 (C:\Users\922329\Downloads\shoppingapp (1)\shoppingapp\shoppingapp\target\classes started by 922329 in C:\Users\922329\Downloads\shoppingapp (1)\shoppingapp\shoppingapp)
2023-07-26 13:01:55.817  INFO 18152 --- [restartedMain] c.f.shoppingapp.ShoppingappApplication   : No active profile set, falling back to 1 default profile: "default"
2023-07-26 13:01:55.893  INFO 18152 --- [restartedMain] .e.DevToolsPropertyDefaultsPostProcessor : Devtools property defaults active! Set 'spring.devtools.add-properties' to 'false' to disable
2023-07-26 13:01:55.893  INFO 18152 --- [restartedMain] .e.DevToolsPropertyDefaultsPostProcessor : For additional web related logging consider setting the 'logging.level.web' property to 'DEBUG'
2023-07-26 13:01:57.566  INFO 18152 --- [restartedMain] .s.d.r.c.RepositoryConfigurationDelegate : Bootstrapping Spring Data MongoDB repositories in DEFAULT mode.
2023-07-26 13:01:57.657  INFO 18152 --- [restartedMain] .s.d.r.c.RepositoryConfigurationDelegate : Finished Spring Data repository scanning in 84 ms. Found 5 MongoDB repository interfaces.
2023-07-26 13:01:58.784  INFO 18152 --- [restartedMain] o.s.b.w.embedded.tomcat.TomcatWebServer  : Tomcat initialized with port(s): 8082 (http)
2023-07-26 13:01:58.801  INFO 18152 --- [restartedMain] o.apache.catalina.core.StandardService   : Starting service [Tomcat]
2023-07-26 13:01:58.802  INFO 18152 --- [restartedMain] org.apache.catalina.core.StandardEngine  : Starting Servlet engine: [Apache Tomcat/9.0.73]
2023-07-26 13:01:58.928  INFO 18152 --- [restartedMain] o.a.c.c.C.[Tomcat].[localhost].[/]       : Initializing Spring embedded WebApplicationContext
2023-07-26 13:01:58.929  INFO 18152 --- [restartedMain] w.s.c.ServletWebServerApplicationContext : Root WebApplicationContext: initialization completed in 3035 ms
2023-07-26 13:01:59.514  INFO 18152 --- [restartedMain] org.mongodb.driver.client                : MongoClient with metadata {"driver": {"name": "mongo-java-driver|sync|spring-boot", "version": "4.6.1"}, "os": {"type": "Windows", "name": "Windows 11", "architecture": "amd64", "version": "10.0"}, "platform": "Java/Eclipse Adoptium/17.0.2+8"} created with settings MongoClientSettings{readPreference=primary, writeConcern=WriteConcern{w=null, wTimeout=null ms, journal=null}, retryWrites=true, retryReads=true, readConcern=ReadConcern{level=null}, credential=null, streamFactoryFactory=null, commandListeners=[io.micrometer.core.instrument.binder.mongodb.MongoMetricsCommandListener@44f50369], codecRegistry=ProvidersCodecRegistry{codecProviders=[ValueCodecProvider{}, BsonValueCodecProvider{}, DBRefCodecProvider{}, DBObjectCodecProvider{}, DocumentCodecProvider{}, IterableCodecProvider{}, MapCodecProvider{}, GeoJsonCodecProvider{}, GridFSFileCodecProvider{}, Jsr310CodecProvider{}, JsonObjectCodecProvider{}, BsonCodecProvider{}, EnumCodecProvider{}, com.mongodb.Jep395RecordCodecProvider@3785c49a]}, clusterSettings={hosts=[localhost:27017], srvServiceName=mongodb, mode=SINGLE, requiredClusterType=UNKNOWN, requiredReplicaSetName='null', serverSelector='null', clusterListeners='[]', serverSelectionTimeout='30000 ms', localThreshold='30000 ms'}, socketSettings=SocketSettings{connectTimeoutMS=10000, readTimeoutMS=0, receiveBufferSize=0, sendBufferSize=0}, heartbeatSocketSettings=SocketSettings{connectTimeoutMS=10000, readTimeoutMS=10000, receiveBufferSize=0, sendBufferSize=0}, connectionPoolSettings=ConnectionPoolSettings{maxSize=100, minSize=0, maxWaitTimeMS=120000, maxConnectionLifeTimeMS=0, maxConnectionIdleTimeMS=0, maintenanceInitialDelayMS=0, maintenanceFrequencyMS=60000, connectionPoolListeners=[io.micrometer.core.instrument.binder.mongodb.MongoMetricsConnectionPoolListener@3e6f84e3], maxConnecting=2}, serverSettings=ServerSettings{heartbeatFrequencyMS=10000, minHeartbeatFrequencyMS=500, serverListeners='[]', serverMonitorListeners='[]'}, sslSettings=SslSettings{enabled=false, invalidHostNameAllowed=false, context=null}, applicationName='null', compressorList=[], uuidRepresentation=JAVA_LEGACY, serverApi=null, autoEncryptionSettings=null, contextProvider=null}
2023-07-26 13:01:59.545  INFO 18152 --- [cluster-ClusterId{value='64c0cbef6dd73a2e42a33e03', description='null'}-localhost:27017] org.mongodb.driver.connection            : Opened connection [connectionId{localValue:1, serverValue:16}] to localhost:27017
2023-07-26 13:01:59.546  INFO 18152 --- [cluster-rtt-ClusterId{value='64c0cbef6dd73a2e42a33e03', description='null'}-localhost:27017] org.mongodb.driver.connection            : Opened connection [connectionId{localValue:2, serverValue:15}] to localhost:27017
2023-07-26 13:01:59.546  INFO 18152 --- [cluster-ClusterId{value='64c0cbef6dd73a2e42a33e03', description='null'}-localhost:27017] org.mongodb.driver.cluster               : Monitor thread successfully connected to server with description ServerDescription{address=localhost:27017, type=STANDALONE, state=CONNECTED, ok=true, minWireVersion=0, maxWireVersion=8, maxDocumentSize=16777216, logicalSessionTimeoutMinutes=30, roundTripTimeNanos=38760700}
2023-07-26 13:02:00.257  INFO 18152 --- [restartedMain] o.s.b.d.a.OptionalLiveReloadServer       : LiveReload server is running on port 35729
2023-07-26 13:02:01.267  INFO 18152 --- [restartedMain] o.s.b.a.e.web.EndpointLinksResolver      : Exposing 14 endpoint(s) beneath base path '/actuator'
2023-07-26 13:02:01.302  INFO 18152 --- [restartedMain] o.s.s.web.DefaultSecurityFilterChain     : Will secure any request with [org.springframework.security.web.session.DisableEncodeUrlFilter@25655a82, org.springframework.security.web.context.request.async.WebAsyncManagerIntegrationFilter@42f3bc85, org.springframework.security.web.context.SecurityContextPersistenceFilter@344ae536, org.springframework.security.web.header.HeaderWriterFilter@54a70881, org.springframework.web.filter.CorsFilter@33270eb0, org.springframework.security.web.authentication.logout.LogoutFilter@19435e14, com.fse.shoppingapp.security.jwt.AuthTokenFilter@68003de, org.springframework.security.web.savedrequest.RequestCacheAwareFilter@1854e2ec, org.springframework.security.web.servletapi.SecurityContextHolderAwareRequestFilter@52471ca6, org.springframework.security.web.authentication.AnonymousAuthenticationFilter@23837508, org.springframework.security.web.session.SessionManagementFilter@639458f2, org.springframework.security.web.access.ExceptionTranslationFilter@2b4ccddf, org.springframework.security.web.access.intercept.FilterSecurityInterceptor@5ec43a8]
2023-07-26 13:02:01.755  INFO 18152 --- [restartedMain] o.s.b.w.embedded.tomcat.TomcatWebServer  : Tomcat started on port(s): 8082 (http) with context path ''
2023-07-26 13:02:01.774  INFO 18152 --- [restartedMain] c.f.shoppingapp.ShoppingappApplication   : Started ShoppingappApplication in 6.546 seconds (JVM running for 7.415)
2023-07-26 13:02:01.883  INFO 18152 --- [restartedMain] org.mongodb.driver.connection            : Opened connection [connectionId{localValue:3, serverValue:17}] to localhost:27017
2023-07-26 13:05:26.216  INFO 18152 --- [http-nio-8082-exec-2] o.a.c.c.C.[Tomcat].[localhost].[/]       : Initializing Spring DispatcherServlet 'dispatcherServlet'
2023-07-26 13:05:26.218  INFO 18152 --- [http-nio-8082-exec-2] o.s.web.servlet.DispatcherServlet        : Initializing Servlet 'dispatcherServlet'
2023-07-26 13:05:26.221  INFO 18152 --- [http-nio-8082-exec-2] o.s.web.servlet.DispatcherServlet        : Completed initialization in 2 ms
